Using pre-set license
Built from '2020.2/release' branch; Version is '2020.2.2f1 (068178b99f32) revision 426360'; Using compiler version '192528614'; Build Type 'Release'
OS: 'Windows 10 Home; OS build 19042.804; Version 2009; 64bit' Language: 'en' Physical Memory: 8034 MB
BatchMode: 1, IsHumanControllingUs: 0, StartBugReporterOnCrash: 0, Is64bit: 1, IsPro: 0

 COMMAND LINE ARGUMENTS:
C:\Program Files\Unity\Hub\Editor\2020.2.2f1\Editor\Unity.exe
-adb2
-batchMode
-noUpm
-name
AssetImportWorker0
-projectPath
C:/Users/lisam/OneDrive/Documents/GitHub/mega-golf-lightning-golf/gggolf
-logFile
Logs/AssetImportWorker0.log
-srvPort
50484
Successfully changed project path to: C:/Users/lisam/OneDrive/Documents/GitHub/mega-golf-lightning-golf/gggolf
C:/Users/lisam/OneDrive/Documents/GitHub/mega-golf-lightning-golf/gggolf
Using Asset Import Pipeline V2.
Refreshing native plugins compatible for Editor in 19.49 ms, found 0 plugins.
Preloading 0 native plugins for Editor in 0.00 ms.
Initialize engine version: 2020.2.2f1 (068178b99f32)
[Subsystems] Discovering subsystems at path C:/Program Files/Unity/Hub/Editor/2020.2.2f1/Editor/Data/Resources/UnitySubsystems
[Subsystems] Discovering subsystems at path C:/Users/lisam/OneDrive/Documents/GitHub/mega-golf-lightning-golf/gggolf/Assets
GfxDevice: creating device client; threaded=0
Direct3D:
    Version:  Direct3D 11.0 [level 11.1]
    Renderer: NVIDIA GeForce GTX 1050 (ID=0x1c91)
    Vendor:   
    VRAM:     2996 MB
    Driver:   26.21.14.3190
Initialize mono
Mono path[0] = 'C:/Program Files/Unity/Hub/Editor/2020.2.2f1/Editor/Data/Managed'
Mono path[1] = 'C:/Program Files/Unity/Hub/Editor/2020.2.2f1/Editor/Data/MonoBleedingEdge/lib/mono/unityjit'
Mono config path = 'C:/Program Files/Unity/Hub/Editor/2020.2.2f1/Editor/Data/MonoBleedingEdge/etc'
Using monoOptions --debugger-agent=transport=dt_socket,embedding=1,server=y,suspend=n,address=127.0.0.1:56320
Begin MonoManager ReloadAssembly
Registering precompiled unity dll's ...
Register platform support module: C:/Program Files/Unity/Hub/Editor/2020.2.2f1/Editor/Data/PlaybackEngines/WindowsStandaloneSupport/UnityEditor.WindowsStandalone.Extensions.dll
Registered in 0.001704 seconds.
Native extension for WindowsStandalone target not found
Refreshing native plugins compatible for Editor in 20.21 ms, found 0 plugins.
Preloading 0 native plugins for Editor in 0.00 ms.
Invoked RoslynAnalysisRunner static constructor.
RoslynAnalysisRunner will not be running.
RoslynAnalysisRunner has terminated.
Mono: successfully reloaded assembly
- Completed reload, in  1.626 seconds
Platform modules already initialized, skipping
Registering precompiled user dll's ...
Registered in 0.000708 seconds.
Begin MonoManager ReloadAssembly
Native extension for WindowsStandalone target not found
Refreshing native plugins compatible for Editor in 0.19 ms, found 0 plugins.
Preloading 0 native plugins for Editor in 0.00 ms.
Invoked RoslynAnalysisRunner static constructor.
RoslynAnalysisRunner will not be running.
RoslynAnalysisRunner has terminated.
Mono: successfully reloaded assembly
- Completed reload, in  0.667 seconds
Platform modules already initialized, skipping
========================================================================
Worker process is ready to serve import requests
Launched and connected shader compiler UnityShaderCompiler.exe after 0.04 seconds
Refreshing native plugins compatible for Editor in 0.22 ms, found 0 plugins.
Preloading 0 native plugins for Editor in 0.00 ms.
Unloading 1099 Unused Serialized files (Serialized files now loaded: 0)
System memory in use before: 56.6 MB.
System memory in use after: 56.6 MB.

Unloading 9 unused Assets to reduce memory usage. Loaded Objects now: 1541.
Total: 1.526800 ms (FindLiveObjects: 0.117200 ms CreateObjectMapping: 0.032900 ms MarkObjects: 1.326500 ms  DeleteObjects: 0.049600 ms)

========================================================================
Received Import Request.
  path: Assets/3LE Low Poly Cloud Pack/Models/Materials/Clouds_cumulus_puffy.mat
  artifactKey: Guid(4ebb047424c76254d96e701ec6552c7e) Importer(815301076,1909f56bfc062723c751e8b465ee728b)
Start importing Assets/3LE Low Poly Cloud Pack/Models/Materials/Clouds_cumulus_puffy.mat using Guid(4ebb047424c76254d96e701ec6552c7e) Importer(815301076,1909f56bfc062723c751e8b465ee728b)  -> (artifact id: '433fd2f071d8005da1356c4241314654') in 0.119645 seconds
  Import took 0.122427 seconds .

========================================================================
Received Import Request.
  Time since last request: 0.032803 seconds.
  path: Assets/3LE Low Poly Cloud Pack/Models/Materials/Clouds_Strato.mat
  artifactKey: Guid(3caf37f89b2b5444ca6a473c8a1d70c1) Importer(815301076,1909f56bfc062723c751e8b465ee728b)
Start importing Assets/3LE Low Poly Cloud Pack/Models/Materials/Clouds_Strato.mat using Guid(3caf37f89b2b5444ca6a473c8a1d70c1) Importer(815301076,1909f56bfc062723c751e8b465ee728b)  -> (artifact id: '2c83dc3d1e77d50b0a8d3d66b7fb4460') in 0.010558 seconds
  Import took 0.012227 seconds .

========================================================================
Received Import Request.
  Time since last request: 0.010989 seconds.
  path: Assets/3LE Low Poly Cloud Pack/Models/Materials/Clouds_Swirls.mat
  artifactKey: Guid(012ff92e38d62cc49959d9c8454d59b8) Importer(815301076,1909f56bfc062723c751e8b465ee728b)
Start importing Assets/3LE Low Poly Cloud Pack/Models/Materials/Clouds_Swirls.mat using Guid(012ff92e38d62cc49959d9c8454d59b8) Importer(815301076,1909f56bfc062723c751e8b465ee728b)  -> (artifact id: 'f84872333c50e40fc8c7eea3323f5f97') in 0.009921 seconds
  Import took 0.011577 seconds .

========================================================================
Received Import Request.
  Time since last request: 0.072445 seconds.
  path: Assets/3LE Low Poly Cloud Pack/Models/Materials/Cloud_cumulus.mat
  artifactKey: Guid(6b9f3ceb7b8a4494b81c12bb67f6a014) Importer(815301076,1909f56bfc062723c751e8b465ee728b)
Start importing Assets/3LE Low Poly Cloud Pack/Models/Materials/Cloud_cumulus.mat using Guid(6b9f3ceb7b8a4494b81c12bb67f6a014) Importer(815301076,1909f56bfc062723c751e8b465ee728b)  -> (artifact id: '036f721bc9093274ea8310bf253f9af5') in 0.009862 seconds
  Import took 0.011535 seconds .

========================================================================
Received Import Request.
  Time since last request: 0.039903 seconds.
  path: Assets/3LE Low Poly Cloud Pack/Models/Materials/Clouds_stratus.mat
  artifactKey: Guid(032d8fc51acc39b4dae762d59ed273fc) Importer(815301076,1909f56bfc062723c751e8b465ee728b)
Start importing Assets/3LE Low Poly Cloud Pack/Models/Materials/Clouds_stratus.mat using Guid(032d8fc51acc39b4dae762d59ed273fc) Importer(815301076,1909f56bfc062723c751e8b465ee728b)  -> (artifact id: '62cc9e4e2fea8cdc62ffdeed597d8745') in 0.009489 seconds
  Import took 0.011178 seconds .

AssetImportWorkerClient::OnTransportError - code=2 error=End of file
