Using pre-set license
Built from '2020.2/release' branch; Version is '2020.2.2f1 (068178b99f32) revision 426360'; Using compiler version '192528614'; Build Type 'Release'
OS: 'Windows 10 Home; OS build 19041.804; Version 2004; 64bit' Language: 'en' Physical Memory: 16332 MB
BatchMode: 1, IsHumanControllingUs: 0, StartBugReporterOnCrash: 0, Is64bit: 1, IsPro: 0

 COMMAND LINE ARGUMENTS:
C:\Program Files\Unity\Hub\Editor\2020.2.2f1\Editor\Unity.exe
-adb2
-batchMode
-noUpm
-name
AssetImportWorker0
-projectPath
C:/Users/Mark Lambe/Desktop/College/Unity/projects/MiniGolf/mega-golf-lightning-golf/Lightning Golf
-logFile
Logs/AssetImportWorker0.log
-srvPort
50022
Successfully changed project path to: C:/Users/Mark Lambe/Desktop/College/Unity/projects/MiniGolf/mega-golf-lightning-golf/Lightning Golf
C:/Users/Mark Lambe/Desktop/College/Unity/projects/MiniGolf/mega-golf-lightning-golf/Lightning Golf
Using Asset Import Pipeline V2.
Refreshing native plugins compatible for Editor in 28.21 ms, found 0 plugins.
Preloading 0 native plugins for Editor in 0.00 ms.
Initialize engine version: 2020.2.2f1 (068178b99f32)
[Subsystems] Discovering subsystems at path C:/Program Files/Unity/Hub/Editor/2020.2.2f1/Editor/Data/Resources/UnitySubsystems
[Subsystems] Discovering subsystems at path C:/Users/Mark Lambe/Desktop/College/Unity/projects/MiniGolf/mega-golf-lightning-golf/Lightning Golf/Assets
GfxDevice: creating device client; threaded=0
Direct3D:
    Version:  Direct3D 11.0 [level 11.1]
    Renderer: NVIDIA GeForce RTX 2060 (ID=0x1e89)
    Vendor:   
    VRAM:     5967 MB
    Driver:   27.21.14.6140
Initialize mono
Mono path[0] = 'C:/Program Files/Unity/Hub/Editor/2020.2.2f1/Editor/Data/Managed'
Mono path[1] = 'C:/Program Files/Unity/Hub/Editor/2020.2.2f1/Editor/Data/MonoBleedingEdge/lib/mono/unityjit'
Mono config path = 'C:/Program Files/Unity/Hub/Editor/2020.2.2f1/Editor/Data/MonoBleedingEdge/etc'
Using monoOptions --debugger-agent=transport=dt_socket,embedding=1,server=y,suspend=n,address=127.0.0.1:56364
Begin MonoManager ReloadAssembly
Registering precompiled unity dll's ...
Register platform support module: C:/Program Files/Unity/Hub/Editor/2020.2.2f1/Editor/Data/PlaybackEngines/WindowsStandaloneSupport/UnityEditor.WindowsStandalone.Extensions.dll
Registered in 0.002129 seconds.
Native extension for WindowsStandalone target not found
Refreshing native plugins compatible for Editor in 27.07 ms, found 0 plugins.
Preloading 0 native plugins for Editor in 0.00 ms.
Invoked RoslynAnalysisRunner static constructor.
RoslynAnalysisRunner will not be running.
RoslynAnalysisRunner has terminated.
Mono: successfully reloaded assembly
- Completed reload, in  1.056 seconds
Platform modules already initialized, skipping
Registering precompiled user dll's ...
Registered in 0.001025 seconds.
Begin MonoManager ReloadAssembly
Native extension for WindowsStandalone target not found
Refreshing native plugins compatible for Editor in 0.38 ms, found 0 plugins.
Preloading 0 native plugins for Editor in 0.00 ms.
Invoked RoslynAnalysisRunner static constructor.
RoslynAnalysisRunner will not be running.
RoslynAnalysisRunner has terminated.
Mono: successfully reloaded assembly
- Completed reload, in  0.875 seconds
Platform modules already initialized, skipping
========================================================================
Worker process is ready to serve import requests
Launched and connected shader compiler UnityShaderCompiler.exe after 0.05 seconds
Refreshing native plugins compatible for Editor in 0.34 ms, found 0 plugins.
Preloading 0 native plugins for Editor in 0.00 ms.
Unloading 1460 Unused Serialized files (Serialized files now loaded: 0)
System memory in use before: 74.5 MB.
System memory in use after: 74.5 MB.

Unloading 67 unused Assets to reduce memory usage. Loaded Objects now: 1899.
Total: 2.274800 ms (FindLiveObjects: 0.227000 ms CreateObjectMapping: 0.037600 ms MarkObjects: 1.852700 ms  DeleteObjects: 0.156300 ms)

========================================================================
Received Import Request.
  path: Assets/Scenes/David 1.unity
  artifactKey: Guid(65c5d9a3836dfe94ebb83163919f2fcd) Importer(815301076,1909f56bfc062723c751e8b465ee728b)
Start importing Assets/Scenes/David 1.unity using Guid(65c5d9a3836dfe94ebb83163919f2fcd) Importer(815301076,1909f56bfc062723c751e8b465ee728b)  -> (artifact id: 'c0ae7845355bbeeab7f394276fe4a387') in 0.006232 seconds
  Import took 0.008640 seconds .

========================================================================
Received Import Request.
  Time since last request: 2.578334 seconds.
  path: Assets/Scenes/Lisa 2.unity
  artifactKey: Guid(c6f9e4a2b5f34a4448082486bf7fe609) Importer(815301076,1909f56bfc062723c751e8b465ee728b)
Start importing Assets/Scenes/Lisa 2.unity using Guid(c6f9e4a2b5f34a4448082486bf7fe609) Importer(815301076,1909f56bfc062723c751e8b465ee728b)  -> (artifact id: '1e9fde331aaa56c3bcbf80260e23205d') in 0.002661 seconds
  Import took 0.004794 seconds .

========================================================================
Received Import Request.
  Time since last request: 0.000716 seconds.
  path: Assets/Scenes/Lisa 2.unity
  artifactKey: Guid(c6f9e4a2b5f34a4448082486bf7fe609) Importer(815301076,1909f56bfc062723c751e8b465ee728b)
Start importing Assets/Scenes/Lisa 2.unity using Guid(c6f9e4a2b5f34a4448082486bf7fe609) Importer(815301076,1909f56bfc062723c751e8b465ee728b)  -> (artifact id: '1e9fde331aaa56c3bcbf80260e23205d') in 0.002118 seconds
  Import took 0.003781 seconds .

========================================================================
Received Import Request.
  Time since last request: 4.154397 seconds.
  path: Assets/Scenes/Lisa2.unitypackage
  artifactKey: Guid(9f6e55758eda672429f65f13b25d074f) Importer(815301076,1909f56bfc062723c751e8b465ee728b)
Start importing Assets/Scenes/Lisa2.unitypackage using Guid(9f6e55758eda672429f65f13b25d074f) Importer(815301076,1909f56bfc062723c751e8b465ee728b)  -> (artifact id: '63d5af53ca5e650a567281b6a5ed2784') in 0.017860 seconds
  Import took 0.020350 seconds .

========================================================================
Received Import Request.
  Time since last request: 4.793346 seconds.
  path: Assets/Scenes/Lisa 2.unity
  artifactKey: Guid(c6f9e4a2b5f34a4448082486bf7fe609) Importer(815301076,1909f56bfc062723c751e8b465ee728b)
Start importing Assets/Scenes/Lisa 2.unity using Guid(c6f9e4a2b5f34a4448082486bf7fe609) Importer(815301076,1909f56bfc062723c751e8b465ee728b)  -> (artifact id: '90ce7615a1c681f9f0346537dfdba0fb') in 0.002527 seconds
  Import took 0.004947 seconds .

========================================================================
Received Import Request.
  Time since last request: 3.453279 seconds.
  path: Assets/Scenes/Lisa 1.unity
  artifactKey: Guid(dda3f742ce5358f4693a445a59504096) Importer(815301076,1909f56bfc062723c751e8b465ee728b)
Start importing Assets/Scenes/Lisa 1.unity using Guid(dda3f742ce5358f4693a445a59504096) Importer(815301076,1909f56bfc062723c751e8b465ee728b)  -> (artifact id: 'a8e1156b0c36b090bdefa2a94f36e2e6') in 0.002646 seconds
  Import took 0.005282 seconds .

AssetImportWorkerClient::OnTransportError - code=2 error=End of file
